<?xml version="1.0" encoding="UTF-8"?>
<!-- Generated by org.testng.reporters.JUnitReportReporter -->
<testsuite name="tests.admin.AdminModule" tests="1" time="563.561" ignored="36" failures="0" timestamp="13 Nov 2019 05:23:15 GMT" skipped="0" hostname="DESKTOP-PDO9TDI" errors="1">
  <testcase name="TC04_Admin_CreateUser_InactiveUser" time="563.561" classname="tests.admin.AdminModule">
    <error type="org.openqa.selenium.WebDriverException" message="chrome not reachable
  (Session info: chrome=78.0.3904.97)
Build info: version: &#039;3.141.59&#039;, revision: &#039;e82be7d358&#039;, time: &#039;2018-11-14T08:17:03&#039;
System info: host: &#039;DESKTOP-PDO9TDI&#039;, ip: &#039;192.168.8.245&#039;, os.name: &#039;Windows 10&#039;, os.arch: &#039;amd64&#039;, os.version: &#039;10.0&#039;, java.version: &#039;1.8.0_221&#039;
Driver info: org.openqa.selenium.chrome.ChromeDriver
Capabilities {acceptInsecureCerts: false, browserName: chrome, browserVersion: 78.0.3904.97, chrome: {chromedriverVersion: 77.0.3865.40 (f484704e052e0..., userDataDir: C:\Users\win10\AppData\Loca...}, goog:chromeOptions: {debuggerAddress: localhost:50468}, javascriptEnabled: true, networkConnectionEnabled: false, pageLoadStrategy: normal, platform: XP, platformName: XP, proxy: Proxy(), setWindowRect: true, strictFileInteractability: false, timeouts: {implicit: 0, pageLoad: 300000, script: 30000}, unhandledPromptBehavior: dismiss and notify}
Session ID: e847841a1ec70000c337dec7bc8fc6da
*** Element info: {Using=xpath, value=//a[contains(.,&#039;UUser Management&#039;)]}">
      <![CDATA[org.openqa.selenium.WebDriverException: chrome not reachable
  (Session info: chrome=78.0.3904.97)
Build info: version: '3.141.59', revision: 'e82be7d358', time: '2018-11-14T08:17:03'
System info: host: 'DESKTOP-PDO9TDI', ip: '192.168.8.245', os.name: 'Windows 10', os.arch: 'amd64', os.version: '10.0', java.version: '1.8.0_221'
Driver info: org.openqa.selenium.chrome.ChromeDriver
Capabilities {acceptInsecureCerts: false, browserName: chrome, browserVersion: 78.0.3904.97, chrome: {chromedriverVersion: 77.0.3865.40 (f484704e052e0..., userDataDir: C:\Users\win10\AppData\Loca...}, goog:chromeOptions: {debuggerAddress: localhost:50468}, javascriptEnabled: true, networkConnectionEnabled: false, pageLoadStrategy: normal, platform: XP, platformName: XP, proxy: Proxy(), setWindowRect: true, strictFileInteractability: false, timeouts: {implicit: 0, pageLoad: 300000, script: 30000}, unhandledPromptBehavior: dismiss and notify}
Session ID: e847841a1ec70000c337dec7bc8fc6da
*** Element info: {Using=xpath, value=//a[contains(.,'UUser Management')]}
	at sun.reflect.GeneratedConstructorAccessor33.newInstance(Unknown Source)
	at sun.reflect.DelegatingConstructorAccessorImpl.newInstance(DelegatingConstructorAccessorImpl.java:45)
	at java.lang.reflect.Constructor.newInstance(Constructor.java:423)
	at org.openqa.selenium.remote.http.W3CHttpResponseCodec.createException(W3CHttpResponseCodec.java:187)
	at org.openqa.selenium.remote.http.W3CHttpResponseCodec.decode(W3CHttpResponseCodec.java:122)
	at org.openqa.selenium.remote.http.W3CHttpResponseCodec.decode(W3CHttpResponseCodec.java:49)
	at org.openqa.selenium.remote.HttpCommandExecutor.execute(HttpCommandExecutor.java:158)
	at org.openqa.selenium.remote.service.DriverCommandExecutor.execute(DriverCommandExecutor.java:83)
	at org.openqa.selenium.remote.RemoteWebDriver.execute(RemoteWebDriver.java:552)
	at org.openqa.selenium.remote.RemoteWebDriver.findElement(RemoteWebDriver.java:323)
	at org.openqa.selenium.remote.RemoteWebDriver.findElementByXPath(RemoteWebDriver.java:428)
	at org.openqa.selenium.By$ByXPath.findElement(By.java:353)
	at org.openqa.selenium.remote.RemoteWebDriver.findElement(RemoteWebDriver.java:315)
	at org.openqa.selenium.support.pagefactory.DefaultElementLocator.findElement(DefaultElementLocator.java:69)
	at org.openqa.selenium.support.pagefactory.internal.LocatingElementHandler.invoke(LocatingElementHandler.java:38)
	at com.sun.proxy.$Proxy7.toString(Unknown Source)
	at or.common.Navigator.Perform_traverseMenu_VerifyPageTitle(Navigator.java:48)
	at or.common.Navigator.traverseMenu_VerifyPageTitle(Navigator.java:32)
	at tests.admin.AdminModule.navigateToUserManagementPage(AdminModule.java:34)
	at tests.admin.AdminModule.TC04_Admin_CreateUser_InactiveUser(AdminModule.java:149)
	at sun.reflect.NativeMethodAccessorImpl.invoke0(Native Method)
	at sun.reflect.NativeMethodAccessorImpl.invoke(NativeMethodAccessorImpl.java:62)
	at sun.reflect.DelegatingMethodAccessorImpl.invoke(DelegatingMethodAccessorImpl.java:43)
	at java.lang.reflect.Method.invoke(Method.java:498)
	at org.testng.internal.MethodInvocationHelper.invokeMethod(MethodInvocationHelper.java:104)
	at org.testng.internal.Invoker.invokeMethod(Invoker.java:645)
	at org.testng.internal.Invoker.invokeTestMethod(Invoker.java:851)
	at org.testng.internal.Invoker.invokeTestMethods(Invoker.java:1177)
	at org.testng.internal.TestMethodWorker.invokeTestMethods(TestMethodWorker.java:129)
	at org.testng.internal.TestMethodWorker.run(TestMethodWorker.java:112)
	at java.util.concurrent.ThreadPoolExecutor.runWorker(ThreadPoolExecutor.java:1149)
	at java.util.concurrent.ThreadPoolExecutor$Worker.run(ThreadPoolExecutor.java:624)
	at java.lang.Thread.run(Thread.java:748)
]]>
    </error>
  </testcase> <!-- TC04_Admin_CreateUser_InactiveUser -->
  <testcase name="TC20_Admin_CreateNewUser_CheckRole_Finance" classname="tests.admin.AdminModule">
    <skipped/>
  </testcase> <!-- TC20_Admin_CreateNewUser_CheckRole_Finance -->
  <testcase name="TC14_Admin_CreateNewUser_CheckRole_Fms_Incidents" classname="tests.admin.AdminModule">
    <skipped/>
  </testcase> <!-- TC14_Admin_CreateNewUser_CheckRole_Fms_Incidents -->
  <testcase name="TC35_Admin_Approvals_Verify_For_Icon_Pin" classname="tests.admin.AdminModule">
    <skipped/>
  </testcase> <!-- TC35_Admin_Approvals_Verify_For_Icon_Pin -->
  <testcase name="TC26_Admin_Logs_Verify_For_Logs_Organisation" classname="tests.admin.AdminModule">
    <skipped/>
  </testcase> <!-- TC26_Admin_Logs_Verify_For_Logs_Organisation -->
  <testcase name="TC22_Admin_Logs_Text_Search" classname="tests.admin.AdminModule">
    <skipped/>
  </testcase> <!-- TC22_Admin_Logs_Text_Search -->
  <testcase name="TC10_Admin_CreateNewUser_CheckRole_Member" classname="tests.admin.AdminModule">
    <skipped/>
  </testcase> <!-- TC10_Admin_CreateNewUser_CheckRole_Member -->
  <testcase name="TC34_Admin_Approvals_Verify_For_On_datePicker" classname="tests.admin.AdminModule">
    <skipped/>
  </testcase> <!-- TC34_Admin_Approvals_Verify_For_On_datePicker -->
  <testcase name="TC02_Admin_FilterDropdown" classname="tests.admin.AdminModule">
    <skipped/>
  </testcase> <!-- TC02_Admin_FilterDropdown -->
  <testcase name="TC03_Admin_TextSearch" classname="tests.admin.AdminModule">
    <skipped/>
  </testcase> <!-- TC03_Admin_TextSearch -->
  <testcase name="TC36_Admin_Approvals_Verify_For_Icon_View" classname="tests.admin.AdminModule">
    <skipped/>
  </testcase> <!-- TC36_Admin_Approvals_Verify_For_Icon_View -->
  <testcase name="TC18_Admin_CreateNewUser_CheckRole_Crm" classname="tests.admin.AdminModule">
    <skipped/>
  </testcase> <!-- TC18_Admin_CreateNewUser_CheckRole_Crm -->
  <testcase name="TC15_Admin_CreateNewUser_CheckRole_Imail" classname="tests.admin.AdminModule">
    <skipped/>
  </testcase> <!-- TC15_Admin_CreateNewUser_CheckRole_Imail -->
  <testcase name="TC08_Admin_CreateNewUser_CheckRole_Admin" classname="tests.admin.AdminModule">
    <skipped/>
  </testcase> <!-- TC08_Admin_CreateNewUser_CheckRole_Admin -->
  <testcase name="TC29_Admin_Logs_Verify_For_Logs_Members" classname="tests.admin.AdminModule">
    <skipped/>
  </testcase> <!-- TC29_Admin_Logs_Verify_For_Logs_Members -->
  <testcase name="TC06_Admin_CreateUser_ArchiveUser" classname="tests.admin.AdminModule">
    <skipped/>
  </testcase> <!-- TC06_Admin_CreateUser_ArchiveUser -->
  <testcase name="TC37_Admin_Approvals_Verify_For_Pagination" classname="tests.admin.AdminModule">
    <skipped/>
  </testcase> <!-- TC37_Admin_Approvals_Verify_For_Pagination -->
  <testcase name="TC11_Admin_CreateNewUser_CheckRole_Organization" classname="tests.admin.AdminModule">
    <skipped/>
  </testcase> <!-- TC11_Admin_CreateNewUser_CheckRole_Organization -->
  <testcase name="TC16_Admin_CreateNewUser_CheckRole_Recruitment" classname="tests.admin.AdminModule">
    <skipped/>
  </testcase> <!-- TC16_Admin_CreateNewUser_CheckRole_Recruitment -->
  <testcase name="TC05_Admin_CreateUser_Inactive_ActiveUser" classname="tests.admin.AdminModule">
    <skipped/>
  </testcase> <!-- TC05_Admin_CreateUser_Inactive_ActiveUser -->
  <testcase name="TC33_Admin_Approvals_Verify_For_Search" classname="tests.admin.AdminModule">
    <skipped/>
  </testcase> <!-- TC33_Admin_Approvals_Verify_For_Search -->
  <testcase name="TC12_Admin_CreateNewUser_CheckRole_Schedule" classname="tests.admin.AdminModule">
    <skipped/>
  </testcase> <!-- TC12_Admin_CreateNewUser_CheckRole_Schedule -->
  <testcase name="TC23_Admin_Logs_OnDatePicker" classname="tests.admin.AdminModule">
    <skipped/>
  </testcase> <!-- TC23_Admin_Logs_OnDatePicker -->
  <testcase name="TC21_Admin_Logs_VerifyPageContent" classname="tests.admin.AdminModule">
    <skipped/>
  </testcase> <!-- TC21_Admin_Logs_VerifyPageContent -->
  <testcase name="TC32_Admin_Logs_Verify_For_Pagination" classname="tests.admin.AdminModule">
    <skipped/>
  </testcase> <!-- TC32_Admin_Logs_Verify_For_Pagination -->
  <testcase name="TC28_Admin_Logs_Verify_For_Logs_Imail" classname="tests.admin.AdminModule">
    <skipped/>
  </testcase> <!-- TC28_Admin_Logs_Verify_For_Logs_Imail -->
  <testcase name="TC19_Admin_CreateNewUser_CheckRole_CrmAdmin" classname="tests.admin.AdminModule">
    <skipped/>
  </testcase> <!-- TC19_Admin_CreateNewUser_CheckRole_CrmAdmin -->
  <testcase name="TC31_Admin_Logs_Verify_For_Export_Selected_Button" classname="tests.admin.AdminModule">
    <skipped/>
  </testcase> <!-- TC31_Admin_Logs_Verify_For_Export_Selected_Button -->
  <testcase name="TC27_Admin_Logs_Verify_For_Logs_Fms" classname="tests.admin.AdminModule">
    <skipped/>
  </testcase> <!-- TC27_Admin_Logs_Verify_For_Logs_Fms -->
  <testcase name="TC09_Admin_CreateNewUser_CheckRole_Participants" classname="tests.admin.AdminModule">
    <skipped/>
  </testcase> <!-- TC09_Admin_CreateNewUser_CheckRole_Participants -->
  <testcase name="TC01_Admin_UIVerification_UserMgmt" classname="tests.admin.AdminModule">
    <skipped/>
  </testcase> <!-- TC01_Admin_UIVerification_UserMgmt -->
  <testcase name="TC07_Admin_EditUser" classname="tests.admin.AdminModule">
    <skipped/>
  </testcase> <!-- TC07_Admin_EditUser -->
  <testcase name="TC25_Admin_Logs_Verify_For_Logs_Participants" classname="tests.admin.AdminModule">
    <skipped/>
  </testcase> <!-- TC25_Admin_Logs_Verify_For_Logs_Participants -->
  <testcase name="TC13_Admin_CreateNewUser_CheckRole_Fms" classname="tests.admin.AdminModule">
    <skipped/>
  </testcase> <!-- TC13_Admin_CreateNewUser_CheckRole_Fms -->
  <testcase name="TC17_Admin_CreateNewUser_CheckRole_RecruitmentAdmin" classname="tests.admin.AdminModule">
    <skipped/>
  </testcase> <!-- TC17_Admin_CreateNewUser_CheckRole_RecruitmentAdmin -->
  <testcase name="TC24_Admin_Logs_Verify_For_From_And_TO_datePicker" classname="tests.admin.AdminModule">
    <skipped/>
  </testcase> <!-- TC24_Admin_Logs_Verify_For_From_And_TO_datePicker -->
  <testcase name="TC30_Admin_Logs_Verify_For_Logs_Schedule" classname="tests.admin.AdminModule">
    <skipped/>
  </testcase> <!-- TC30_Admin_Logs_Verify_For_Logs_Schedule -->
</testsuite> <!-- tests.admin.AdminModule -->
